<?xml version="1.0" encoding="UTF-8"?>
<coverage generated="1749650107039" clover="3.2.0">
  <project timestamp="1749650107039" name="All files">
    <metrics statements="3" coveredstatements="3" conditionals="0" coveredconditionals="0" methods="2" coveredmethods="2" elements="5" coveredelements="5" complexity="0" loc="3" ncloc="3" packages="1" files="1" classes="1"/>
    <file name="functions.js" path="D:\studia\pipelines\lab12\functions.js">
      <metrics statements="3" coveredstatements="3" conditionals="0" coveredconditionals="0" methods="2" coveredmethods="2"/>
      <line num="2" count="3" type="stmt"/>
      <line num="6" count="3" type="stmt"/>
      <line num="9" count="2" type="stmt"/>
    </file>
  </project>
</coverage>
